2018-05-12 01:16:10,801 [Worker-14] INFO  o.e.m.c.i.l.LifecycleMappingFactory - Using org.maven.ide.eclipse.wtp.WarLifecycleMapping lifecycle mapping for MavenProject: org.learn:JerseyFilterLogging:1.0 @ D:\Sreenu-Stuff\WebServices\JAXRS\Rest-Latest\new\Examples\JerseyFilterLogging-placecholder\JerseyFilterLogging-placecholder\JerseyFilterLogging\pom.xml.
2018-05-12 01:16:12,972 [Worker-14] INFO  o.e.m.c.i.e.AbstractTransferListenerAdapter - Downloading https://repo.maven.apache.org/maven2/org/slf4j/slf4j-api/1.6.6/slf4j-api-1.6.6.pom
2018-05-12 01:16:13,270 [Worker-14] INFO  o.e.m.c.i.e.AbstractTransferListenerAdapter - Downloaded https://repo.maven.apache.org/maven2/org/slf4j/slf4j-api/1.6.6/slf4j-api-1.6.6.pom
2018-05-12 01:16:13,842 [Worker-14] INFO  o.e.m.c.i.e.AbstractTransferListenerAdapter - Downloading https://repo.maven.apache.org/maven2/org/slf4j/slf4j-parent/1.6.6/slf4j-parent-1.6.6.pom
2018-05-12 01:16:14,152 [Worker-14] INFO  o.e.m.c.i.e.AbstractTransferListenerAdapter - Downloaded https://repo.maven.apache.org/maven2/org/slf4j/slf4j-parent/1.6.6/slf4j-parent-1.6.6.pom
2018-05-12 01:16:14,456 [Worker-14] INFO  o.e.m.c.i.e.AbstractTransferListenerAdapter - Downloading https://repo.maven.apache.org/maven2/org/slf4j/jcl-over-slf4j/1.6.6/jcl-over-slf4j-1.6.6.pom
2018-05-12 01:16:16,076 [Worker-14] INFO  o.e.m.c.i.e.AbstractTransferListenerAdapter - Downloaded https://repo.maven.apache.org/maven2/org/slf4j/jcl-over-slf4j/1.6.6/jcl-over-slf4j-1.6.6.pom
2018-05-12 01:16:16,575 [Worker-14] INFO  o.e.m.c.i.e.AbstractTransferListenerAdapter - Downloading https://repo.maven.apache.org/maven2/org/slf4j/slf4j-log4j12/1.6.6/slf4j-log4j12-1.6.6.pom
2018-05-12 01:16:17,720 [Worker-14] INFO  o.e.m.c.i.e.AbstractTransferListenerAdapter - Downloaded https://repo.maven.apache.org/maven2/org/slf4j/slf4j-log4j12/1.6.6/slf4j-log4j12-1.6.6.pom
2018-05-12 01:16:19,445 [Worker-14] INFO  o.e.m.c.i.e.AbstractTransferListenerAdapter - Downloading https://repo.maven.apache.org/maven2/log4j/log4j/1.2.15/log4j-1.2.15.pom
2018-05-12 01:16:20,617 [Worker-14] INFO  o.e.m.c.i.e.AbstractTransferListenerAdapter - Downloaded https://repo.maven.apache.org/maven2/log4j/log4j/1.2.15/log4j-1.2.15.pom
2018-05-12 01:16:20,920 [Worker-14] INFO  o.e.m.c.i.e.AbstractTransferListenerAdapter - Downloading https://repo.maven.apache.org/maven2/org/glassfish/jersey/containers/jersey-container-servlet/2.22.1/jersey-container-servlet-2.22.1.pom
2018-05-12 01:16:21,223 [Worker-14] INFO  o.e.m.c.i.e.AbstractTransferListenerAdapter - Downloaded https://repo.maven.apache.org/maven2/org/glassfish/jersey/containers/jersey-container-servlet/2.22.1/jersey-container-servlet-2.22.1.pom
2018-05-12 01:16:21,516 [Worker-14] INFO  o.e.m.c.i.e.AbstractTransferListenerAdapter - Downloading https://repo.maven.apache.org/maven2/org/glassfish/jersey/containers/project/2.22.1/project-2.22.1.pom
2018-05-12 01:16:21,854 [Worker-14] INFO  o.e.m.c.i.e.AbstractTransferListenerAdapter - Downloaded https://repo.maven.apache.org/maven2/org/glassfish/jersey/containers/project/2.22.1/project-2.22.1.pom
2018-05-12 01:16:23,060 [Worker-14] INFO  o.e.m.c.i.e.AbstractTransferListenerAdapter - Downloading https://repo.maven.apache.org/maven2/org/glassfish/jersey/project/2.22.1/project-2.22.1.pom
2018-05-12 01:16:26,151 [Worker-14] INFO  o.e.m.c.i.e.AbstractTransferListenerAdapter - Downloaded https://repo.maven.apache.org/maven2/org/glassfish/jersey/project/2.22.1/project-2.22.1.pom
2018-05-12 01:16:26,745 [Worker-14] INFO  o.e.m.c.i.e.AbstractTransferListenerAdapter - Downloading https://repo.maven.apache.org/maven2/org/glassfish/hk2/hk2-bom/2.4.0-b31/hk2-bom-2.4.0-b31.pom
2018-05-12 01:16:27,674 [Worker-14] INFO  o.e.m.c.i.e.AbstractTransferListenerAdapter - Downloaded https://repo.maven.apache.org/maven2/org/glassfish/hk2/hk2-bom/2.4.0-b31/hk2-bom-2.4.0-b31.pom
2018-05-12 01:16:28,279 [Worker-14] INFO  o.e.m.c.i.e.AbstractTransferListenerAdapter - Downloading https://repo.maven.apache.org/maven2/org/glassfish/jersey/containers/jersey-container-servlet-core/2.22.1/jersey-container-servlet-core-2.22.1.pom
2018-05-12 01:16:31,050 [Worker-14] INFO  o.e.m.c.i.e.AbstractTransferListenerAdapter - Downloaded https://repo.maven.apache.org/maven2/org/glassfish/jersey/containers/jersey-container-servlet-core/2.22.1/jersey-container-servlet-core-2.22.1.pom
2018-05-12 01:16:31,661 [Worker-14] INFO  o.e.m.c.i.e.AbstractTransferListenerAdapter - Downloading https://repo.maven.apache.org/maven2/org/glassfish/hk2/external/javax.inject/2.4.0-b31/javax.inject-2.4.0-b31.pom
2018-05-12 01:16:32,280 [Worker-14] INFO  o.e.m.c.i.e.AbstractTransferListenerAdapter - Downloaded https://repo.maven.apache.org/maven2/org/glassfish/hk2/external/javax.inject/2.4.0-b31/javax.inject-2.4.0-b31.pom
2018-05-12 01:16:32,582 [Worker-14] INFO  o.e.m.c.i.e.AbstractTransferListenerAdapter - Downloading https://repo.maven.apache.org/maven2/org/glassfish/hk2/external/2.4.0-b31/external-2.4.0-b31.pom
2018-05-12 01:16:33,201 [Worker-14] INFO  o.e.m.c.i.e.AbstractTransferListenerAdapter - Downloaded https://repo.maven.apache.org/maven2/org/glassfish/hk2/external/2.4.0-b31/external-2.4.0-b31.pom
2018-05-12 01:16:33,503 [Worker-14] INFO  o.e.m.c.i.e.AbstractTransferListenerAdapter - Downloading https://repo.maven.apache.org/maven2/org/glassfish/hk2/hk2-parent/2.4.0-b31/hk2-parent-2.4.0-b31.pom
2018-05-12 01:16:34,931 [Worker-14] INFO  o.e.m.c.i.e.AbstractTransferListenerAdapter - Downloaded https://repo.maven.apache.org/maven2/org/glassfish/hk2/hk2-parent/2.4.0-b31/hk2-parent-2.4.0-b31.pom
2018-05-12 01:16:35,263 [Worker-14] INFO  o.e.m.c.i.e.AbstractTransferListenerAdapter - Downloading https://repo.maven.apache.org/maven2/org/glassfish/jersey/core/jersey-common/2.22.1/jersey-common-2.22.1.pom
2018-05-12 01:16:35,747 [Worker-14] INFO  o.e.m.c.i.e.AbstractTransferListenerAdapter - Downloaded https://repo.maven.apache.org/maven2/org/glassfish/jersey/core/jersey-common/2.22.1/jersey-common-2.22.1.pom
2018-05-12 01:16:36,272 [Worker-14] INFO  o.e.m.c.i.e.AbstractTransferListenerAdapter - Downloading https://repo.maven.apache.org/maven2/org/glassfish/jersey/bundles/repackaged/jersey-guava/2.22.1/jersey-guava-2.22.1.pom
2018-05-12 01:16:36,883 [Worker-14] INFO  o.e.m.c.i.e.AbstractTransferListenerAdapter - Downloaded https://repo.maven.apache.org/maven2/org/glassfish/jersey/bundles/repackaged/jersey-guava/2.22.1/jersey-guava-2.22.1.pom
2018-05-12 01:16:37,472 [Worker-14] INFO  o.e.m.c.i.e.AbstractTransferListenerAdapter - Downloading https://repo.maven.apache.org/maven2/org/glassfish/jersey/bundles/repackaged/project/2.22.1/project-2.22.1.pom
2018-05-12 01:16:37,804 [Worker-14] INFO  o.e.m.c.i.e.AbstractTransferListenerAdapter - Downloaded https://repo.maven.apache.org/maven2/org/glassfish/jersey/bundles/repackaged/project/2.22.1/project-2.22.1.pom
2018-05-12 01:16:38,109 [Worker-14] INFO  o.e.m.c.i.e.AbstractTransferListenerAdapter - Downloading https://repo.maven.apache.org/maven2/org/glassfish/jersey/bundles/project/2.22.1/project-2.22.1.pom
2018-05-12 01:16:38,453 [Worker-14] INFO  o.e.m.c.i.e.AbstractTransferListenerAdapter - Downloaded https://repo.maven.apache.org/maven2/org/glassfish/jersey/bundles/project/2.22.1/project-2.22.1.pom
2018-05-12 01:16:38,735 [Worker-14] INFO  o.e.m.c.i.e.AbstractTransferListenerAdapter - Downloading https://repo.maven.apache.org/maven2/org/glassfish/hk2/hk2-api/2.4.0-b31/hk2-api-2.4.0-b31.pom
2018-05-12 01:16:39,353 [Worker-14] INFO  o.e.m.c.i.e.AbstractTransferListenerAdapter - Downloaded https://repo.maven.apache.org/maven2/org/glassfish/hk2/hk2-api/2.4.0-b31/hk2-api-2.4.0-b31.pom
2018-05-12 01:16:42,723 [Worker-14] INFO  o.e.m.c.i.e.AbstractTransferListenerAdapter - Downloading https://repo.maven.apache.org/maven2/org/glassfish/hk2/hk2-utils/2.4.0-b31/hk2-utils-2.4.0-b31.pom
2018-05-12 01:16:43,661 [Worker-14] INFO  o.e.m.c.i.e.AbstractTransferListenerAdapter - Downloaded https://repo.maven.apache.org/maven2/org/glassfish/hk2/hk2-utils/2.4.0-b31/hk2-utils-2.4.0-b31.pom
2018-05-12 01:16:45,483 [Worker-14] INFO  o.e.m.c.i.e.AbstractTransferListenerAdapter - Downloading https://repo.maven.apache.org/maven2/org/glassfish/hk2/external/aopalliance-repackaged/2.4.0-b31/aopalliance-repackaged-2.4.0-b31.pom
2018-05-12 01:16:46,133 [Worker-14] INFO  o.e.m.c.i.e.AbstractTransferListenerAdapter - Downloaded https://repo.maven.apache.org/maven2/org/glassfish/hk2/external/aopalliance-repackaged/2.4.0-b31/aopalliance-repackaged-2.4.0-b31.pom
2018-05-12 01:16:46,714 [Worker-14] INFO  o.e.m.c.i.e.AbstractTransferListenerAdapter - Downloading https://repo.maven.apache.org/maven2/org/glassfish/hk2/hk2-locator/2.4.0-b31/hk2-locator-2.4.0-b31.pom
2018-05-12 01:16:47,532 [Worker-14] INFO  o.e.m.c.i.e.AbstractTransferListenerAdapter - Downloaded https://repo.maven.apache.org/maven2/org/glassfish/hk2/hk2-locator/2.4.0-b31/hk2-locator-2.4.0-b31.pom
2018-05-12 01:16:47,920 [Worker-14] INFO  o.e.m.c.i.e.AbstractTransferListenerAdapter - Downloading https://repo.maven.apache.org/maven2/org/glassfish/jersey/core/jersey-server/2.22.1/jersey-server-2.22.1.pom
2018-05-12 01:16:48,845 [Worker-14] INFO  o.e.m.c.i.e.AbstractTransferListenerAdapter - Downloaded https://repo.maven.apache.org/maven2/org/glassfish/jersey/core/jersey-server/2.22.1/jersey-server-2.22.1.pom
2018-05-12 01:16:49,192 [Worker-14] INFO  o.e.m.c.i.e.AbstractTransferListenerAdapter - Downloading https://repo.maven.apache.org/maven2/org/glassfish/jersey/core/jersey-client/2.22.1/jersey-client-2.22.1.pom
2018-05-12 01:16:49,725 [Worker-14] INFO  o.e.m.c.i.e.AbstractTransferListenerAdapter - Downloaded https://repo.maven.apache.org/maven2/org/glassfish/jersey/core/jersey-client/2.22.1/jersey-client-2.22.1.pom
2018-05-12 01:16:50,091 [Worker-14] INFO  o.e.m.c.i.e.AbstractTransferListenerAdapter - Downloading https://repo.maven.apache.org/maven2/org/glassfish/jersey/media/jersey-media-jaxb/2.22.1/jersey-media-jaxb-2.22.1.pom
2018-05-12 01:16:50,707 [Worker-14] INFO  o.e.m.c.i.e.AbstractTransferListenerAdapter - Downloaded https://repo.maven.apache.org/maven2/org/glassfish/jersey/media/jersey-media-jaxb/2.22.1/jersey-media-jaxb-2.22.1.pom
2018-05-12 01:16:51,032 [Worker-14] INFO  o.e.m.c.i.e.AbstractTransferListenerAdapter - Downloading https://repo.maven.apache.org/maven2/org/glassfish/jersey/media/project/2.22.1/project-2.22.1.pom
2018-05-12 01:16:51,315 [Worker-14] INFO  o.e.m.c.i.e.AbstractTransferListenerAdapter - Downloaded https://repo.maven.apache.org/maven2/org/glassfish/jersey/media/project/2.22.1/project-2.22.1.pom
2018-05-12 01:16:51,937 [Worker-14] INFO  o.e.m.c.i.e.AbstractTransferListenerAdapter - Downloading https://repo.maven.apache.org/maven2/org/glassfish/jersey/media/jersey-media-json-jackson/2.22.1/jersey-media-json-jackson-2.22.1.pom
2018-05-12 01:16:52,242 [Worker-14] INFO  o.e.m.c.i.e.AbstractTransferListenerAdapter - Downloaded https://repo.maven.apache.org/maven2/org/glassfish/jersey/media/jersey-media-json-jackson/2.22.1/jersey-media-json-jackson-2.22.1.pom
2018-05-12 01:16:52,548 [Worker-14] INFO  o.e.m.c.i.e.AbstractTransferListenerAdapter - Downloading https://repo.maven.apache.org/maven2/org/glassfish/jersey/ext/jersey-entity-filtering/2.22.1/jersey-entity-filtering-2.22.1.pom
2018-05-12 01:16:53,163 [Worker-14] INFO  o.e.m.c.i.e.AbstractTransferListenerAdapter - Downloaded https://repo.maven.apache.org/maven2/org/glassfish/jersey/ext/jersey-entity-filtering/2.22.1/jersey-entity-filtering-2.22.1.pom
2018-05-12 01:16:53,469 [Worker-14] INFO  o.e.m.c.i.e.AbstractTransferListenerAdapter - Downloading https://repo.maven.apache.org/maven2/org/glassfish/jersey/ext/project/2.22.1/project-2.22.1.pom
2018-05-12 01:16:54,205 [Worker-14] INFO  o.e.m.c.i.e.AbstractTransferListenerAdapter - Downloaded https://repo.maven.apache.org/maven2/org/glassfish/jersey/ext/project/2.22.1/project-2.22.1.pom
2018-05-12 01:16:54,699 [Worker-14] INFO  o.e.m.c.i.e.AbstractTransferListenerAdapter - Downloading https://repo.maven.apache.org/maven2/com/fasterxml/jackson/jaxrs/jackson-jaxrs-base/2.5.4/jackson-jaxrs-base-2.5.4.pom
2018-05-12 01:16:55,367 [Worker-14] INFO  o.e.m.c.i.e.AbstractTransferListenerAdapter - Downloaded https://repo.maven.apache.org/maven2/com/fasterxml/jackson/jaxrs/jackson-jaxrs-base/2.5.4/jackson-jaxrs-base-2.5.4.pom
2018-05-12 01:16:56,236 [Worker-14] INFO  o.e.m.c.i.e.AbstractTransferListenerAdapter - Downloading https://repo.maven.apache.org/maven2/com/fasterxml/jackson/jaxrs/jackson-jaxrs-providers/2.5.4/jackson-jaxrs-providers-2.5.4.pom
2018-05-12 01:16:56,953 [Worker-14] INFO  o.e.m.c.i.e.AbstractTransferListenerAdapter - Downloaded https://repo.maven.apache.org/maven2/com/fasterxml/jackson/jaxrs/jackson-jaxrs-providers/2.5.4/jackson-jaxrs-providers-2.5.4.pom
2018-05-12 01:16:58,386 [Worker-14] INFO  o.e.m.c.i.e.AbstractTransferListenerAdapter - Downloading https://repo.maven.apache.org/maven2/com/fasterxml/jackson/core/jackson-core/2.5.4/jackson-core-2.5.4.pom
2018-05-12 01:16:58,799 [Worker-14] INFO  o.e.m.c.i.e.AbstractTransferListenerAdapter - Downloaded https://repo.maven.apache.org/maven2/com/fasterxml/jackson/core/jackson-core/2.5.4/jackson-core-2.5.4.pom
2018-05-12 01:16:59,308 [Worker-14] INFO  o.e.m.c.i.e.AbstractTransferListenerAdapter - Downloading https://repo.maven.apache.org/maven2/com/fasterxml/jackson/core/jackson-databind/2.5.4/jackson-databind-2.5.4.pom
2018-05-12 01:16:59,823 [Worker-14] INFO  o.e.m.c.i.e.AbstractTransferListenerAdapter - Downloaded https://repo.maven.apache.org/maven2/com/fasterxml/jackson/core/jackson-databind/2.5.4/jackson-databind-2.5.4.pom
2018-05-12 01:17:01,580 [Worker-14] INFO  o.e.m.c.i.e.AbstractTransferListenerAdapter - Downloading https://repo.maven.apache.org/maven2/com/fasterxml/jackson/jaxrs/jackson-jaxrs-json-provider/2.5.4/jackson-jaxrs-json-provider-2.5.4.pom
2018-05-12 01:17:02,145 [Worker-14] INFO  o.e.m.c.i.e.AbstractTransferListenerAdapter - Downloaded https://repo.maven.apache.org/maven2/com/fasterxml/jackson/jaxrs/jackson-jaxrs-json-provider/2.5.4/jackson-jaxrs-json-provider-2.5.4.pom
2018-05-12 01:17:02,688 [Worker-14] INFO  o.e.m.c.i.e.AbstractTransferListenerAdapter - Downloading https://repo.maven.apache.org/maven2/com/fasterxml/jackson/module/jackson-module-jaxb-annotations/2.5.4/jackson-module-jaxb-annotations-2.5.4.pom
2018-05-12 01:17:03,195 [Worker-14] INFO  o.e.m.c.i.e.AbstractTransferListenerAdapter - Downloaded https://repo.maven.apache.org/maven2/com/fasterxml/jackson/module/jackson-module-jaxb-annotations/2.5.4/jackson-module-jaxb-annotations-2.5.4.pom
2018-05-12 01:17:03,505 [Worker-14] INFO  o.e.m.c.i.e.AbstractTransferListenerAdapter - Downloading https://repo.maven.apache.org/maven2/com/fasterxml/jackson/core/jackson-annotations/2.5.4/jackson-annotations-2.5.4.pom
2018-05-12 01:17:03,919 [Worker-14] INFO  o.e.m.c.i.e.AbstractTransferListenerAdapter - Downloaded https://repo.maven.apache.org/maven2/com/fasterxml/jackson/core/jackson-annotations/2.5.4/jackson-annotations-2.5.4.pom
2018-05-12 01:17:04,530 [Worker-14] INFO  o.e.m.c.i.e.AbstractTransferListenerAdapter - Downloading https://repo.maven.apache.org/maven2/org/slf4j/slf4j-api/1.6.6/slf4j-api-1.6.6.jar
2018-05-12 01:17:06,069 [Worker-14] INFO  o.e.m.c.i.e.AbstractTransferListenerAdapter - Downloaded https://repo.maven.apache.org/maven2/org/slf4j/slf4j-api/1.6.6/slf4j-api-1.6.6.jar
2018-05-12 01:17:06,373 [Worker-14] INFO  o.e.m.c.i.e.AbstractTransferListenerAdapter - Downloading https://repo.maven.apache.org/maven2/org/slf4j/jcl-over-slf4j/1.6.6/jcl-over-slf4j-1.6.6.jar
2018-05-12 01:17:07,298 [Worker-14] INFO  o.e.m.c.i.e.AbstractTransferListenerAdapter - Downloaded https://repo.maven.apache.org/maven2/org/slf4j/jcl-over-slf4j/1.6.6/jcl-over-slf4j-1.6.6.jar
2018-05-12 01:17:07,601 [Worker-14] INFO  o.e.m.c.i.e.AbstractTransferListenerAdapter - Downloading https://repo.maven.apache.org/maven2/org/slf4j/slf4j-log4j12/1.6.6/slf4j-log4j12-1.6.6.jar
2018-05-12 01:17:08,117 [Worker-14] INFO  o.e.m.c.i.e.AbstractTransferListenerAdapter - Downloaded https://repo.maven.apache.org/maven2/org/slf4j/slf4j-log4j12/1.6.6/slf4j-log4j12-1.6.6.jar
2018-05-12 01:17:08,420 [Worker-14] INFO  o.e.m.c.i.e.AbstractTransferListenerAdapter - Downloading https://repo.maven.apache.org/maven2/log4j/log4j/1.2.15/log4j-1.2.15.jar
2018-05-12 01:17:12,827 [Worker-14] INFO  o.e.m.c.i.e.AbstractTransferListenerAdapter - Downloaded https://repo.maven.apache.org/maven2/log4j/log4j/1.2.15/log4j-1.2.15.jar
2018-05-12 01:17:13,133 [Worker-14] INFO  o.e.m.c.i.e.AbstractTransferListenerAdapter - Downloading https://repo.maven.apache.org/maven2/org/glassfish/jersey/containers/jersey-container-servlet/2.22.1/jersey-container-servlet-2.22.1.jar
2018-05-12 01:17:13,441 [Worker-14] INFO  o.e.m.c.i.e.AbstractTransferListenerAdapter - Downloaded https://repo.maven.apache.org/maven2/org/glassfish/jersey/containers/jersey-container-servlet/2.22.1/jersey-container-servlet-2.22.1.jar
2018-05-12 01:17:13,747 [Worker-14] INFO  o.e.m.c.i.e.AbstractTransferListenerAdapter - Downloading https://repo.maven.apache.org/maven2/org/glassfish/jersey/containers/jersey-container-servlet-core/2.22.1/jersey-container-servlet-core-2.22.1.jar
2018-05-12 01:17:14,261 [Worker-14] INFO  o.e.m.c.i.e.AbstractTransferListenerAdapter - Downloaded https://repo.maven.apache.org/maven2/org/glassfish/jersey/containers/jersey-container-servlet-core/2.22.1/jersey-container-servlet-core-2.22.1.jar
2018-05-12 01:17:14,579 [Worker-14] INFO  o.e.m.c.i.e.AbstractTransferListenerAdapter - Downloading https://repo.maven.apache.org/maven2/org/glassfish/jersey/core/jersey-common/2.22.1/jersey-common-2.22.1.jar
2018-05-12 01:17:16,749 [Worker-14] INFO  o.e.m.c.i.e.AbstractTransferListenerAdapter - Downloaded https://repo.maven.apache.org/maven2/org/glassfish/jersey/core/jersey-common/2.22.1/jersey-common-2.22.1.jar
2018-05-12 01:17:17,124 [Worker-14] INFO  o.e.m.c.i.e.AbstractTransferListenerAdapter - Downloading https://repo.maven.apache.org/maven2/org/glassfish/jersey/bundles/repackaged/jersey-guava/2.22.1/jersey-guava-2.22.1.jar
2018-05-12 01:17:19,177 [Worker-14] INFO  o.e.m.c.i.e.AbstractTransferListenerAdapter - Downloaded https://repo.maven.apache.org/maven2/org/glassfish/jersey/bundles/repackaged/jersey-guava/2.22.1/jersey-guava-2.22.1.jar
2018-05-12 01:17:19,481 [Worker-14] INFO  o.e.m.c.i.e.AbstractTransferListenerAdapter - Downloading https://repo.maven.apache.org/maven2/org/glassfish/jersey/core/jersey-server/2.22.1/jersey-server-2.22.1.jar
2018-05-12 01:17:21,429 [Worker-14] INFO  o.e.m.c.i.e.AbstractTransferListenerAdapter - Downloaded https://repo.maven.apache.org/maven2/org/glassfish/jersey/core/jersey-server/2.22.1/jersey-server-2.22.1.jar
2018-05-12 01:17:21,736 [Worker-14] INFO  o.e.m.c.i.e.AbstractTransferListenerAdapter - Downloading https://repo.maven.apache.org/maven2/org/glassfish/jersey/media/jersey-media-jaxb/2.22.1/jersey-media-jaxb-2.22.1.jar
2018-05-12 01:17:22,353 [Worker-14] INFO  o.e.m.c.i.e.AbstractTransferListenerAdapter - Downloaded https://repo.maven.apache.org/maven2/org/glassfish/jersey/media/jersey-media-jaxb/2.22.1/jersey-media-jaxb-2.22.1.jar
2018-05-12 01:17:22,636 [Worker-14] INFO  o.e.m.c.i.e.AbstractTransferListenerAdapter - Downloading https://repo.maven.apache.org/maven2/org/glassfish/jersey/core/jersey-client/2.22.1/jersey-client-2.22.1.jar
2018-05-12 01:17:23,170 [Worker-14] INFO  o.e.m.c.i.e.AbstractTransferListenerAdapter - Downloaded https://repo.maven.apache.org/maven2/org/glassfish/jersey/core/jersey-client/2.22.1/jersey-client-2.22.1.jar
2018-05-12 01:17:23,480 [Worker-14] INFO  o.e.m.c.i.e.AbstractTransferListenerAdapter - Downloading https://repo.maven.apache.org/maven2/org/glassfish/hk2/hk2-api/2.4.0-b31/hk2-api-2.4.0-b31.jar
2018-05-12 01:17:24,097 [Worker-14] INFO  o.e.m.c.i.e.AbstractTransferListenerAdapter - Downloaded https://repo.maven.apache.org/maven2/org/glassfish/hk2/hk2-api/2.4.0-b31/hk2-api-2.4.0-b31.jar
2018-05-12 01:17:24,378 [Worker-14] INFO  o.e.m.c.i.e.AbstractTransferListenerAdapter - Downloading https://repo.maven.apache.org/maven2/org/glassfish/hk2/hk2-utils/2.4.0-b31/hk2-utils-2.4.0-b31.jar
2018-05-12 01:17:25,116 [Worker-14] INFO  o.e.m.c.i.e.AbstractTransferListenerAdapter - Downloaded https://repo.maven.apache.org/maven2/org/glassfish/hk2/hk2-utils/2.4.0-b31/hk2-utils-2.4.0-b31.jar
2018-05-12 01:17:25,423 [Worker-14] INFO  o.e.m.c.i.e.AbstractTransferListenerAdapter - Downloading https://repo.maven.apache.org/maven2/org/glassfish/hk2/external/aopalliance-repackaged/2.4.0-b31/aopalliance-repackaged-2.4.0-b31.jar
2018-05-12 01:17:26,038 [Worker-14] INFO  o.e.m.c.i.e.AbstractTransferListenerAdapter - Downloaded https://repo.maven.apache.org/maven2/org/glassfish/hk2/external/aopalliance-repackaged/2.4.0-b31/aopalliance-repackaged-2.4.0-b31.jar
2018-05-12 01:17:26,342 [Worker-14] INFO  o.e.m.c.i.e.AbstractTransferListenerAdapter - Downloading https://repo.maven.apache.org/maven2/org/glassfish/hk2/external/javax.inject/2.4.0-b31/javax.inject-2.4.0-b31.jar
2018-05-12 01:17:26,651 [Worker-14] INFO  o.e.m.c.i.e.AbstractTransferListenerAdapter - Downloaded https://repo.maven.apache.org/maven2/org/glassfish/hk2/external/javax.inject/2.4.0-b31/javax.inject-2.4.0-b31.jar
2018-05-12 01:17:26,954 [Worker-14] INFO  o.e.m.c.i.e.AbstractTransferListenerAdapter - Downloading https://repo.maven.apache.org/maven2/org/glassfish/hk2/hk2-locator/2.4.0-b31/hk2-locator-2.4.0-b31.jar
2018-05-12 01:17:27,573 [Worker-14] INFO  o.e.m.c.i.e.AbstractTransferListenerAdapter - Downloaded https://repo.maven.apache.org/maven2/org/glassfish/hk2/hk2-locator/2.4.0-b31/hk2-locator-2.4.0-b31.jar
2018-05-12 01:17:27,883 [Worker-14] INFO  o.e.m.c.i.e.AbstractTransferListenerAdapter - Downloading https://repo.maven.apache.org/maven2/org/glassfish/jersey/media/jersey-media-json-jackson/2.22.1/jersey-media-json-jackson-2.22.1.jar
2018-05-12 01:17:28,494 [Worker-14] INFO  o.e.m.c.i.e.AbstractTransferListenerAdapter - Downloaded https://repo.maven.apache.org/maven2/org/glassfish/jersey/media/jersey-media-json-jackson/2.22.1/jersey-media-json-jackson-2.22.1.jar
2018-05-12 01:17:28,806 [Worker-14] INFO  o.e.m.c.i.e.AbstractTransferListenerAdapter - Downloading https://repo.maven.apache.org/maven2/org/glassfish/jersey/ext/jersey-entity-filtering/2.22.1/jersey-entity-filtering-2.22.1.jar
2018-05-12 01:17:29,194 [Worker-14] INFO  o.e.m.c.i.e.AbstractTransferListenerAdapter - Downloaded https://repo.maven.apache.org/maven2/org/glassfish/jersey/ext/jersey-entity-filtering/2.22.1/jersey-entity-filtering-2.22.1.jar
2018-05-12 01:17:29,726 [Worker-14] INFO  o.e.m.c.i.e.AbstractTransferListenerAdapter - Downloading https://repo.maven.apache.org/maven2/com/fasterxml/jackson/jaxrs/jackson-jaxrs-base/2.5.4/jackson-jaxrs-base-2.5.4.jar
2018-05-12 01:17:30,042 [Worker-14] INFO  o.e.m.c.i.e.AbstractTransferListenerAdapter - Downloaded https://repo.maven.apache.org/maven2/com/fasterxml/jackson/jaxrs/jackson-jaxrs-base/2.5.4/jackson-jaxrs-base-2.5.4.jar
2018-05-12 01:17:30,341 [Worker-14] INFO  o.e.m.c.i.e.AbstractTransferListenerAdapter - Downloading https://repo.maven.apache.org/maven2/com/fasterxml/jackson/core/jackson-core/2.5.4/jackson-core-2.5.4.jar
2018-05-12 01:17:31,259 [Worker-14] INFO  o.e.m.c.i.e.AbstractTransferListenerAdapter - Downloaded https://repo.maven.apache.org/maven2/com/fasterxml/jackson/core/jackson-core/2.5.4/jackson-core-2.5.4.jar
2018-05-12 01:17:31,569 [Worker-14] INFO  o.e.m.c.i.e.AbstractTransferListenerAdapter - Downloading https://repo.maven.apache.org/maven2/com/fasterxml/jackson/core/jackson-databind/2.5.4/jackson-databind-2.5.4.jar
2018-05-12 01:17:34,025 [Worker-14] INFO  o.e.m.c.i.e.AbstractTransferListenerAdapter - Downloaded https://repo.maven.apache.org/maven2/com/fasterxml/jackson/core/jackson-databind/2.5.4/jackson-databind-2.5.4.jar
2018-05-12 01:17:34,293 [Worker-14] INFO  o.e.m.c.i.e.AbstractTransferListenerAdapter - Downloading https://repo.maven.apache.org/maven2/com/fasterxml/jackson/jaxrs/jackson-jaxrs-json-provider/2.5.4/jackson-jaxrs-json-provider-2.5.4.jar
2018-05-12 01:17:34,639 [Worker-14] INFO  o.e.m.c.i.e.AbstractTransferListenerAdapter - Downloaded https://repo.maven.apache.org/maven2/com/fasterxml/jackson/jaxrs/jackson-jaxrs-json-provider/2.5.4/jackson-jaxrs-json-provider-2.5.4.jar
2018-05-12 01:17:34,942 [Worker-14] INFO  o.e.m.c.i.e.AbstractTransferListenerAdapter - Downloading https://repo.maven.apache.org/maven2/com/fasterxml/jackson/module/jackson-module-jaxb-annotations/2.5.4/jackson-module-jaxb-annotations-2.5.4.jar
2018-05-12 01:17:35,560 [Worker-14] INFO  o.e.m.c.i.e.AbstractTransferListenerAdapter - Downloaded https://repo.maven.apache.org/maven2/com/fasterxml/jackson/module/jackson-module-jaxb-annotations/2.5.4/jackson-module-jaxb-annotations-2.5.4.jar
2018-05-12 01:17:35,867 [Worker-14] INFO  o.e.m.c.i.e.AbstractTransferListenerAdapter - Downloading https://repo.maven.apache.org/maven2/com/fasterxml/jackson/core/jackson-annotations/2.5.4/jackson-annotations-2.5.4.jar
2018-05-12 01:17:36,482 [Worker-14] INFO  o.e.m.c.i.e.AbstractTransferListenerAdapter - Downloaded https://repo.maven.apache.org/maven2/com/fasterxml/jackson/core/jackson-annotations/2.5.4/jackson-annotations-2.5.4.jar
2018-05-12 01:17:46,892 [Worker-14] INFO  o.e.m.j.i.AbstractJavaProjectConfigurator - Adding source folder /JerseyFilterLogging/src/main/java
2018-05-12 01:17:46,893 [Worker-14] INFO  o.e.m.j.i.AbstractJavaProjectConfigurator - Adding resource folder /JerseyFilterLogging/src/main/resources
2018-05-12 01:17:46,894 [Worker-14] INFO  o.e.m.j.i.AbstractJavaProjectConfigurator - Adding source folder /JerseyFilterLogging/src/test/java
2018-05-12 01:17:49,937 [Worker-14] INFO  o.e.m.c.i.p.ProjectConfigurationManager - Imported and configured 1 project(s) in 105 sec
2018-05-12 01:17:51,746 [Worker-27] WARN  o.e.m.c.i.embedder.EclipseLogger - Using platform encoding (Cp1252 actually) to copy filtered resources, i.e. build is platform dependent!
2018-05-12 01:17:51,756 [Worker-27] INFO  o.e.m.c.i.embedder.EclipseLogger - Copying 1 resource
2018-05-12 01:17:51,785 [Worker-27] WARN  o.e.m.c.i.embedder.EclipseLogger - Using platform encoding (Cp1252 actually) to copy filtered resources, i.e. build is platform dependent!
2018-05-12 01:17:51,794 [Worker-27] INFO  o.e.m.c.i.embedder.EclipseLogger - skip non existing resourceDirectory D:\Sreenu-Stuff\WebServices\JAXRS\Rest-Latest\new\Examples\JerseyFilterLogging-placecholder\JerseyFilterLogging-placecholder\JerseyFilterLogging\src\test\resources
2018-05-12 01:19:10,627 [Worker-27] INFO  o.e.m.i.launch.MavenLaunchDelegate - D:\Sreenu-Stuff\WebServices\JAXRS\Rest-Latest\new\Examples\JerseyFilterLogging-placecholder\JerseyFilterLogging-placecholder\JerseyFilterLogging
2018-05-12 01:19:10,629 [Worker-27] INFO  o.e.m.i.launch.MavenLaunchDelegate -  mvn  -B install
2018-05-12 01:19:17,541 [Worker-14] WARN  o.e.m.c.i.embedder.EclipseLogger - Using platform encoding (Cp1252 actually) to copy filtered resources, i.e. build is platform dependent!
2018-05-12 01:19:17,546 [Worker-14] INFO  o.e.m.c.i.embedder.EclipseLogger - Copying 0 resource
2018-05-12 01:19:17,550 [Worker-14] WARN  o.e.m.c.i.embedder.EclipseLogger - Using platform encoding (Cp1252 actually) to copy filtered resources, i.e. build is platform dependent!
2018-05-12 01:19:17,551 [Worker-14] INFO  o.e.m.c.i.embedder.EclipseLogger - skip non existing resourceDirectory D:\Sreenu-Stuff\WebServices\JAXRS\Rest-Latest\new\Examples\JerseyFilterLogging-placecholder\JerseyFilterLogging-placecholder\JerseyFilterLogging\src\test\resources
2018-05-12 01:19:58,836 [Worker-4] WARN  o.e.m.c.i.embedder.EclipseLogger - Using platform encoding (Cp1252 actually) to copy filtered resources, i.e. build is platform dependent!
2018-05-12 01:19:58,842 [Worker-4] INFO  o.e.m.c.i.embedder.EclipseLogger - Copying 1 resource
2018-05-12 01:19:58,846 [Worker-4] WARN  o.e.m.c.i.embedder.EclipseLogger - Using platform encoding (Cp1252 actually) to copy filtered resources, i.e. build is platform dependent!
2018-05-12 01:19:58,847 [Worker-4] INFO  o.e.m.c.i.embedder.EclipseLogger - skip non existing resourceDirectory D:\Sreenu-Stuff\WebServices\JAXRS\Rest-Latest\new\Examples\JerseyFilterLogging-placecholder\JerseyFilterLogging-placecholder\JerseyFilterLogging\src\test\resources
2018-05-12 01:20:01,371 [Worker-28] WARN  o.e.m.c.i.embedder.EclipseLogger - Using platform encoding (Cp1252 actually) to copy filtered resources, i.e. build is platform dependent!
2018-05-12 01:20:01,373 [Worker-28] INFO  o.e.m.c.i.embedder.EclipseLogger - Copying 1 resource
2018-05-12 01:20:01,378 [Worker-28] WARN  o.e.m.c.i.embedder.EclipseLogger - Using platform encoding (Cp1252 actually) to copy filtered resources, i.e. build is platform dependent!
2018-05-12 01:20:01,379 [Worker-28] INFO  o.e.m.c.i.embedder.EclipseLogger - skip non existing resourceDirectory D:\Sreenu-Stuff\WebServices\JAXRS\Rest-Latest\new\Examples\JerseyFilterLogging-placecholder\JerseyFilterLogging-placecholder\JerseyFilterLogging\src\test\resources
2018-05-12 01:20:05,540 [Worker-25] INFO  o.e.m.i.launch.MavenLaunchDelegate - D:\Sreenu-Stuff\WebServices\JAXRS\Rest-Latest\new\Examples\JerseyFilterLogging-placecholder\JerseyFilterLogging-placecholder\JerseyFilterLogging
2018-05-12 01:20:05,540 [Worker-25] INFO  o.e.m.i.launch.MavenLaunchDelegate -  mvn  -B install
2018-05-12 01:20:21,861 [Worker-26] WARN  o.e.m.c.i.embedder.EclipseLogger - Using platform encoding (Cp1252 actually) to copy filtered resources, i.e. build is platform dependent!
2018-05-12 01:20:21,862 [Worker-26] INFO  o.e.m.c.i.embedder.EclipseLogger - Copying 0 resource
2018-05-12 01:20:21,865 [Worker-26] WARN  o.e.m.c.i.embedder.EclipseLogger - Using platform encoding (Cp1252 actually) to copy filtered resources, i.e. build is platform dependent!
2018-05-12 01:20:21,866 [Worker-26] INFO  o.e.m.c.i.embedder.EclipseLogger - skip non existing resourceDirectory D:\Sreenu-Stuff\WebServices\JAXRS\Rest-Latest\new\Examples\JerseyFilterLogging-placecholder\JerseyFilterLogging-placecholder\JerseyFilterLogging\src\test\resources
2018-05-15 05:58:44,014 [Worker-4] WARN  o.e.m.c.i.embedder.EclipseLogger - Using platform encoding (Cp1252 actually) to copy filtered resources, i.e. build is platform dependent!
2018-05-15 05:58:44,108 [Worker-4] INFO  o.e.m.c.i.embedder.EclipseLogger - Copying 1 resource
2018-05-15 05:58:44,120 [Worker-4] WARN  o.e.m.c.i.embedder.EclipseLogger - Using platform encoding (Cp1252 actually) to copy filtered resources, i.e. build is platform dependent!
2018-05-15 05:58:44,121 [Worker-4] INFO  o.e.m.c.i.embedder.EclipseLogger - skip non existing resourceDirectory D:\Sreenu-Stuff\WebServices\JAXRS\Rest-Latest\new\Examples\JerseyFilterLogging-placecholder\JerseyFilterLogging-placecholder\JerseyFilterLogging\src\test\resources
2018-05-15 05:59:13,837 [Worker-1] INFO  o.e.m.c.i.l.LifecycleMappingFactory - Using org.maven.ide.eclipse.wtp.WarLifecycleMapping lifecycle mapping for MavenProject: com.logicbig.example:yaml-entity-provider:1.0-SNAPSHOT @ C:\Users\Sreenu\Desktop\Filters\yaml-entity-provider (1)\yaml-entity-provider\pom.xml.
2018-05-15 05:59:19,385 [Worker-1] INFO  o.e.m.j.i.AbstractJavaProjectConfigurator - Adding source folder /yaml-entity-provider/src/main/java
2018-05-15 05:59:19,386 [Worker-1] INFO  o.e.m.j.i.AbstractJavaProjectConfigurator - Adding source folder /yaml-entity-provider/src/test/java
2018-05-15 05:59:24,833 [Worker-1] INFO  o.e.m.c.i.p.ProjectConfigurationManager - Imported and configured 1 project(s) in 14 sec
2018-05-15 05:59:26,222 [Worker-7] WARN  o.e.m.c.i.embedder.EclipseLogger - Using platform encoding (Cp1252 actually) to copy filtered resources, i.e. build is platform dependent!
2018-05-15 05:59:26,223 [Worker-7] INFO  o.e.m.c.i.embedder.EclipseLogger - skip non existing resourceDirectory C:\Users\Sreenu\Desktop\Filters\yaml-entity-provider (1)\yaml-entity-provider\src\main\resources
2018-05-15 05:59:26,225 [Worker-7] WARN  o.e.m.c.i.embedder.EclipseLogger - Using platform encoding (Cp1252 actually) to copy filtered resources, i.e. build is platform dependent!
2018-05-15 05:59:26,226 [Worker-7] INFO  o.e.m.c.i.embedder.EclipseLogger - skip non existing resourceDirectory C:\Users\Sreenu\Desktop\Filters\yaml-entity-provider (1)\yaml-entity-provider\src\test\resources
2018-05-15 06:08:36,481 [Worker-3] INFO  o.e.m.i.launch.MavenLaunchDelegate - C:\Users\Sreenu\Desktop\Filters\yaml-entity-provider (1)\yaml-entity-provider
2018-05-15 06:08:36,482 [Worker-3] INFO  o.e.m.i.launch.MavenLaunchDelegate -  mvn  -B install
2018-05-15 06:08:48,660 [Worker-20] WARN  o.e.m.c.i.embedder.EclipseLogger - Using platform encoding (Cp1252 actually) to copy filtered resources, i.e. build is platform dependent!
2018-05-15 06:08:48,661 [Worker-20] INFO  o.e.m.c.i.embedder.EclipseLogger - skip non existing resourceDirectory C:\Users\Sreenu\Desktop\Filters\yaml-entity-provider (1)\yaml-entity-provider\src\main\resources
2018-05-15 06:08:48,663 [Worker-20] WARN  o.e.m.c.i.embedder.EclipseLogger - Using platform encoding (Cp1252 actually) to copy filtered resources, i.e. build is platform dependent!
2018-05-15 06:08:48,664 [Worker-20] INFO  o.e.m.c.i.embedder.EclipseLogger - skip non existing resourceDirectory C:\Users\Sreenu\Desktop\Filters\yaml-entity-provider (1)\yaml-entity-provider\src\test\resources
2018-05-15 06:09:58,619 [Worker-18] INFO  o.e.m.i.launch.MavenLaunchDelegate - C:\Users\Sreenu\Desktop\Filters\yaml-entity-provider (1)\yaml-entity-provider
2018-05-15 06:09:58,619 [Worker-18] INFO  o.e.m.i.launch.MavenLaunchDelegate -  mvn  -B install
2018-05-15 06:10:05,361 [Worker-3] WARN  o.e.m.c.i.embedder.EclipseLogger - Using platform encoding (Cp1252 actually) to copy filtered resources, i.e. build is platform dependent!
2018-05-15 06:10:05,362 [Worker-3] INFO  o.e.m.c.i.embedder.EclipseLogger - skip non existing resourceDirectory C:\Users\Sreenu\Desktop\Filters\yaml-entity-provider (1)\yaml-entity-provider\src\main\resources
2018-05-15 06:10:05,364 [Worker-3] WARN  o.e.m.c.i.embedder.EclipseLogger - Using platform encoding (Cp1252 actually) to copy filtered resources, i.e. build is platform dependent!
2018-05-15 06:10:05,365 [Worker-3] INFO  o.e.m.c.i.embedder.EclipseLogger - skip non existing resourceDirectory C:\Users\Sreenu\Desktop\Filters\yaml-entity-provider (1)\yaml-entity-provider\src\test\resources
2018-05-15 06:14:36,408 [Worker-19] WARN  o.e.m.c.i.embedder.EclipseLogger - Using platform encoding (Cp1252 actually) to copy filtered resources, i.e. build is platform dependent!
2018-05-15 06:14:36,409 [Worker-19] INFO  o.e.m.c.i.embedder.EclipseLogger - skip non existing resourceDirectory C:\Users\Sreenu\Desktop\Filters\yaml-entity-provider (1)\yaml-entity-provider\src\main\resources
2018-05-15 06:14:36,410 [Worker-19] WARN  o.e.m.c.i.embedder.EclipseLogger - Using platform encoding (Cp1252 actually) to copy filtered resources, i.e. build is platform dependent!
2018-05-15 06:14:36,411 [Worker-19] INFO  o.e.m.c.i.embedder.EclipseLogger - skip non existing resourceDirectory C:\Users\Sreenu\Desktop\Filters\yaml-entity-provider (1)\yaml-entity-provider\src\test\resources
2018-05-15 06:15:15,550 [Worker-22] INFO  o.e.m.c.i.l.LifecycleMappingFactory - Using org.maven.ide.eclipse.wtp.WarLifecycleMapping lifecycle mapping for MavenProject: com.sreenutech:yaml-entity-provider:1.0-SNAPSHOT @ C:\Users\Sreenu\Desktop\Filters\yaml-entity-provider (1)\yaml-entity-provider\pom.xml.
2018-05-15 06:15:16,956 [Worker-22] WARN  o.e.m.c.i.embedder.EclipseLogger - Using platform encoding (Cp1252 actually) to copy filtered resources, i.e. build is platform dependent!
2018-05-15 06:15:16,958 [Worker-22] INFO  o.e.m.c.i.embedder.EclipseLogger - skip non existing resourceDirectory C:\Users\Sreenu\Desktop\Filters\yaml-entity-provider (1)\yaml-entity-provider\src\main\resources
2018-05-15 06:15:16,959 [Worker-22] WARN  o.e.m.c.i.embedder.EclipseLogger - Using platform encoding (Cp1252 actually) to copy filtered resources, i.e. build is platform dependent!
2018-05-15 06:15:16,960 [Worker-22] INFO  o.e.m.c.i.embedder.EclipseLogger - skip non existing resourceDirectory C:\Users\Sreenu\Desktop\Filters\yaml-entity-provider (1)\yaml-entity-provider\src\test\resources
2018-05-15 06:15:16,961 [Worker-22] INFO  o.e.m.w.i.f.ResourceFilteringBuildParticipant - Changed resources require a complete clean of filtered resources of yaml-entity-provider
2018-05-15 06:15:16,962 [Worker-22] INFO  o.e.m.w.i.f.ResourceFilteringBuildParticipant - Executing resource filtering for yaml-entity-provider
2018-05-15 06:15:17,287 [Worker-22] WARN  o.e.m.c.i.embedder.EclipseLogger - Using platform encoding (Cp1252 actually) to copy filtered resources, i.e. build is platform dependent!
2018-05-15 06:17:16,797 [Worker-21] WARN  o.e.m.c.i.embedder.EclipseLogger - Using platform encoding (Cp1252 actually) to copy filtered resources, i.e. build is platform dependent!
2018-05-15 06:17:16,805 [Worker-21] INFO  o.e.m.c.i.embedder.EclipseLogger - Copying 1 resource
2018-05-15 06:17:16,807 [Worker-21] WARN  o.e.m.c.i.embedder.EclipseLogger - Using platform encoding (Cp1252 actually) to copy filtered resources, i.e. build is platform dependent!
2018-05-15 06:17:16,807 [Worker-21] INFO  o.e.m.c.i.embedder.EclipseLogger - skip non existing resourceDirectory D:\Sreenu-Stuff\WebServices\JAXRS\Rest-Latest\new\Examples\JerseyFilterLogging-placecholder\JerseyFilterLogging-placecholder\JerseyFilterLogging\src\test\resources
2018-05-15 06:17:27,642 [Worker-20] WARN  o.e.m.c.i.embedder.EclipseLogger - Using platform encoding (Cp1252 actually) to copy filtered resources, i.e. build is platform dependent!
2018-05-15 06:17:27,643 [Worker-20] INFO  o.e.m.c.i.embedder.EclipseLogger - Copying 0 resource
2018-05-15 06:17:27,644 [Worker-20] WARN  o.e.m.c.i.embedder.EclipseLogger - Using platform encoding (Cp1252 actually) to copy filtered resources, i.e. build is platform dependent!
2018-05-15 06:17:27,645 [Worker-20] INFO  o.e.m.c.i.embedder.EclipseLogger - skip non existing resourceDirectory D:\Sreenu-Stuff\WebServices\JAXRS\Rest-Latest\new\Examples\JerseyFilterLogging-placecholder\JerseyFilterLogging-placecholder\JerseyFilterLogging\src\test\resources
2018-05-15 06:17:36,462 [Worker-20] INFO  o.e.m.i.launch.MavenLaunchDelegate - D:\Sreenu-Stuff\WebServices\JAXRS\Rest-Latest\new\Examples\JerseyFilterLogging-placecholder\JerseyFilterLogging-placecholder\JerseyFilterLogging
2018-05-15 06:17:36,462 [Worker-20] INFO  o.e.m.i.launch.MavenLaunchDelegate -  mvn  -B install
2018-05-15 06:17:48,970 [Worker-22] WARN  o.e.m.c.i.embedder.EclipseLogger - Using platform encoding (Cp1252 actually) to copy filtered resources, i.e. build is platform dependent!
2018-05-15 06:17:48,971 [Worker-22] INFO  o.e.m.c.i.embedder.EclipseLogger - Copying 1 resource
2018-05-15 06:17:48,972 [Worker-22] WARN  o.e.m.c.i.embedder.EclipseLogger - Using platform encoding (Cp1252 actually) to copy filtered resources, i.e. build is platform dependent!
2018-05-15 06:17:48,973 [Worker-22] INFO  o.e.m.c.i.embedder.EclipseLogger - skip non existing resourceDirectory D:\Sreenu-Stuff\WebServices\JAXRS\Rest-Latest\new\Examples\JerseyFilterLogging-placecholder\JerseyFilterLogging-placecholder\JerseyFilterLogging\src\test\resources
2018-05-15 06:18:58,919 [Start Help Server] INFO  org.eclipse.jetty.util.log - Logging initialized @1271630ms
2018-05-15 06:18:59,695 [Start Help Server] INFO  org.eclipse.jetty.server.Server - jetty-9.2.13.v20150730
2018-05-15 06:18:59,774 [Start Help Server] INFO  o.e.j.server.handler.ContextHandler - Started o.e.j.s.ServletContextHandler@6a926af0{/help,null,AVAILABLE}
2018-05-15 06:18:59,898 [Start Help Server] INFO  o.e.jetty.server.ServerConnector - Started ServerConnector@34d76f7b{HTTP/1.1}{127.0.0.1:51228}
2018-05-15 06:18:59,899 [Start Help Server] INFO  org.eclipse.jetty.server.Server - Started @1272611ms
2018-05-15 06:20:22,960 [Worker-19] INFO  o.e.m.i.launch.MavenLaunchDelegate - D:\Sreenu-Stuff\WebServices\JAXRS\Rest-Latest\new\Examples\JerseyFilterLogging-placecholder\JerseyFilterLogging-placecholder\JerseyFilterLogging
2018-05-15 06:20:22,960 [Worker-19] INFO  o.e.m.i.launch.MavenLaunchDelegate -  mvn  -B clean
2018-05-15 06:20:25,750 [Worker-24] WARN  o.e.m.c.i.embedder.EclipseLogger - Using platform encoding (Cp1252 actually) to copy filtered resources, i.e. build is platform dependent!
2018-05-15 06:20:25,751 [Worker-24] INFO  o.e.m.c.i.embedder.EclipseLogger - Copying 1 resource
2018-05-15 06:20:25,774 [Worker-24] WARN  o.e.m.c.i.embedder.EclipseLogger - Using platform encoding (Cp1252 actually) to copy filtered resources, i.e. build is platform dependent!
2018-05-15 06:20:25,774 [Worker-24] INFO  o.e.m.c.i.embedder.EclipseLogger - skip non existing resourceDirectory D:\Sreenu-Stuff\WebServices\JAXRS\Rest-Latest\new\Examples\JerseyFilterLogging-placecholder\JerseyFilterLogging-placecholder\JerseyFilterLogging\src\test\resources
2018-05-15 06:20:25,776 [Worker-24] INFO  o.e.m.w.i.f.ResourceFilteringBuildParticipant - Changed resources require a complete clean of filtered resources of JerseyFilterLogging
2018-05-15 06:20:25,776 [Worker-24] INFO  o.e.m.w.i.f.ResourceFilteringBuildParticipant - Executing resource filtering for JerseyFilterLogging
2018-05-15 06:20:25,801 [Worker-24] WARN  o.e.m.c.i.embedder.EclipseLogger - Using platform encoding (Cp1252 actually) to copy filtered resources, i.e. build is platform dependent!
2018-05-15 06:20:41,595 [Worker-26] INFO  o.e.m.i.launch.MavenLaunchDelegate - D:\Sreenu-Stuff\WebServices\JAXRS\Rest-Latest\new\Examples\JerseyFilterLogging-placecholder\JerseyFilterLogging-placecholder\JerseyFilterLogging
2018-05-15 06:20:41,595 [Worker-26] INFO  o.e.m.i.launch.MavenLaunchDelegate -  mvn  -B install
2018-05-15 06:20:51,280 [Worker-26] WARN  o.e.m.c.i.embedder.EclipseLogger - Using platform encoding (Cp1252 actually) to copy filtered resources, i.e. build is platform dependent!
2018-05-15 06:20:51,281 [Worker-26] INFO  o.e.m.c.i.embedder.EclipseLogger - Copying 1 resource
2018-05-15 06:20:51,283 [Worker-26] WARN  o.e.m.c.i.embedder.EclipseLogger - Using platform encoding (Cp1252 actually) to copy filtered resources, i.e. build is platform dependent!
2018-05-15 06:20:51,284 [Worker-26] INFO  o.e.m.c.i.embedder.EclipseLogger - skip non existing resourceDirectory D:\Sreenu-Stuff\WebServices\JAXRS\Rest-Latest\new\Examples\JerseyFilterLogging-placecholder\JerseyFilterLogging-placecholder\JerseyFilterLogging\src\test\resources
2018-05-15 06:20:58,038 [Worker-23] INFO  o.e.m.i.launch.MavenLaunchDelegate - D:\Sreenu-Stuff\WebServices\JAXRS\Rest-Latest\new\Examples\JerseyFilterLogging-placecholder\JerseyFilterLogging-placecholder\JerseyFilterLogging
2018-05-15 06:20:58,038 [Worker-23] INFO  o.e.m.i.launch.MavenLaunchDelegate -  mvn  -B install
2018-05-15 06:21:04,110 [Worker-25] WARN  o.e.m.c.i.embedder.EclipseLogger - Using platform encoding (Cp1252 actually) to copy filtered resources, i.e. build is platform dependent!
2018-05-15 06:21:04,111 [Worker-25] INFO  o.e.m.c.i.embedder.EclipseLogger - Copying 0 resource
2018-05-15 06:21:04,113 [Worker-25] WARN  o.e.m.c.i.embedder.EclipseLogger - Using platform encoding (Cp1252 actually) to copy filtered resources, i.e. build is platform dependent!
2018-05-15 06:21:04,113 [Worker-25] INFO  o.e.m.c.i.embedder.EclipseLogger - skip non existing resourceDirectory D:\Sreenu-Stuff\WebServices\JAXRS\Rest-Latest\new\Examples\JerseyFilterLogging-placecholder\JerseyFilterLogging-placecholder\JerseyFilterLogging\src\test\resources
